<?xml version="1.0" encoding="UTF-8"?>
<testng-results skipped="0" failed="0" ignored="0" total="1" passed="1">
  <reporter-output>
  </reporter-output>
  <suite name="Default suite" duration-ms="77459" started-at="2018-02-25T17:59:13Z" finished-at="2018-02-25T18:00:31Z">
    <groups>
    </groups>
    <test name="Default test" duration-ms="77459" started-at="2018-02-25T17:59:13Z" finished-at="2018-02-25T18:00:31Z">
      <class name="com.synchrony.qa.testcases.LoginPageTest">
        <test-method status="PASS" signature="setUp()[pri:0, instance:com.synchrony.qa.testcases.LoginPageTest@198378d]" name="setUp" is-config="true" duration-ms="77382" started-at="2018-02-25T23:29:13Z" finished-at="2018-02-25T23:30:31Z">
          <reporter-output>
          </reporter-output>
        </test-method> <!-- setUp -->
        <test-method status="PASS" signature="loginPageTitleTest()[pri:0, instance:com.synchrony.qa.testcases.LoginPageTest@198378d]" name="loginPageTitleTest" duration-ms="49" started-at="2018-02-25T23:30:31Z" finished-at="2018-02-25T23:30:31Z">
          <reporter-output>
          </reporter-output>
        </test-method> <!-- loginPageTitleTest -->
      </class> <!-- com.synchrony.qa.testcases.LoginPageTest -->
    </test> <!-- Default test -->
  </suite> <!-- Default suite -->
</testng-results>
